<?xml version="1.0" encoding="UTF-8"?>
<!-- Generated by org.testng.reporters.JUnitReportReporter -->
<testsuite hostname="DESKTOP-E7PF5MT" failures="0" tests="1" name="runner.TestRunner" time="6.309" errors="0" timestamp="2024-02-02T14:04:32 CST" skipped="0">
  <testcase classname="runner.TestRunner" name="runScenario" time="6.309"/>
</testsuite> <!-- runner.TestRunner -->
